build/app/outputs/mapping/release/seeds.txt
com.mighty.web.MainActivity
com.mighty.web.MainActivity: MainActivity()
...
androidx.lifecycle.ReportFragment$LifecycleCallbacks: void onActivityPrePaused(android.app.Activity)
androidx.window.embedding.EmbeddingAdapter: java.util.function.Predicate translateParentMetricsPredicate(androidx.window.embedding.SplitRule)
androidx.core.graphics.drawable.DrawableCompat$Api21Impl: boolean canApplyTheme(android.graphics.drawable.Drawable)
com.pichillilorenzo.flutter_inappwebview.MyWebStorage: void getUsageForOrigin(java.lang.String,io.flutter.plugin.common.MethodChannel$Result)
com.pichillilorenzo.flutter_inappwebview.types.InAppWebViewInterface: void zoomBy(float)
com.pichillilorenzo.flutter_inappwebview.JavaScriptBridgeInterface: void dispose()
androidx.window.layout.FoldingFeature$State: FoldingFeature$State(java.lang.String)
com.pichillilorenzo.flutter_inappwebview.types.URLCredential: java.lang.Long getProtectionSpaceId()
androidx.window.layout.SidecarCompat$FirstAttachAdapter: SidecarCompat$FirstAttachAdapter(androidx.window.layout.SidecarCompat,android.app.Activity)
io.flutter.embedding.engine.FlutterJNI: void nativeDispatchSemanticsAction(long,int,int,java.nio.ByteBuffer,int)
androidx.webkit.internal.ApiHelperForN: android.webkit.ServiceWorkerController getServiceWorkerControllerInstance()
androidx.window.embedding.SplitPairRule: boolean getFinishPrimaryWithSecondary()
com.pichillilorenzo.flutter_inappwebview.types.UserContentController: boolean addUserOnlyScript(com.pichillilorenzo.flutter_inappwebview.types.UserScript)
androidx.appcompat.widget.AppCompatEditText: android.view.textclassifier.TextClassifier getTextClassifier()
com.google.zxing.qrcode.decoder.DataMask: com.google.zxing.qrcode.decoder.DataMask[] values()
androidx.window.embedding.SplitPairRule: SplitPairRule(java.util.Set,boolean,boolean,boolean,int,int,float,int)
com.pichillilorenzo.flutter_inappwebview.R$bool: R$bool()
androidx.vectordrawable.graphics.drawable.VectorDrawableCompat$VFullPath: void setStrokeColor(int)
androidx.fragment.app.FragmentActivity: void onAttachFragment(androidx.fragment.app.Fragment)
com.pichillilorenzo.flutter_inappwebview.content_blocker.ContentBlockerTrigger: java.util.List getResourceType()
androidx.swiperefreshlayout.widget.SwipeRefreshLayout: void reset()
androidx.window.layout.WindowInfoTrackerImpl$windowLayoutInfo$1: WindowInfoTrackerImpl$windowLayoutInfo$1(androidx.window.layout.WindowInfoTrackerImpl,android.app.Activity,kotlin.coroutines.Continuation)
androidx.appcompat.view.menu.ActionMenuItemView: void setChecked(boolean)
com.google.android.datatransport.cct.internal.NetworkConnectionInfo$NetworkType: com.google.android.datatransport.cct.internal.NetworkConnectionInfo$NetworkType valueOf(java.lang.String)
androidx.vectordrawable.graphics.drawable.VectorDrawableCompat$VGroup: void setPivotY(float)
androidx.swiperefreshlayout.widget.SwipeRefreshLayout: void onNestedScrollAccepted(android.view.View,android.view.View,int)
kotlin.coroutines.jvm.internal.BaseContinuationImpl: void resumeWith(java.lang.Object)
com.onesignal.shortcutbadger.impl.SonyHomeBadger: SonyHomeBadger()
com.google.android.gms.ads.admanager.AdManagerAdView: void setManualImpressionsEnabled(boolean)
com.facebook.ads.internal.api.NativeAdsManagerApi: int getUniqueNativeAdCount()
io.flutter.embedding.engine.FlutterJNI: void onVsync(long,long,long)
com.facebook.ads.internal.api.RewardedVideoAdApi: void unregisterAdCompanionView()
androidx.appcompat.widget.AppCompatImageButton: void setBackgroundDrawable(android.graphics.drawable.Drawable)
com.pichillilorenzo.flutter_inappwebview.in_app_webview.InAppWebView: void clearCookies()
androidx.activity.ComponentActivity: void onPictureInPictureModeChanged(boolean)
com.pichillilorenzo.flutter_inappwebview.types.URLRequest: URLRequest(java.lang.String,java.lang.String,byte[],java.util.Map)
androidx.core.view.ViewCompat$Api21Impl: float getTranslationZ(android.view.View)