build/app/outputs/mapping/release/usage.txt
com.mighty.web.BuildConfig
com.mighty.web.R$anim
com.mighty.web.R$animator
com.mighty.web.R$attr
com.mighty.web.R$bool
com.mighty.web.R$color
com.mighty.web.R$dimen
com.mighty.web.R$drawable
com.mighty.web.R$id
com.mighty.web.R$integer
com.mighty.web.R$interpolator
com.mighty.web.R$layout
com.mighty.web.R$menu
com.mighty.web.R$mipmap
com.mighty.web.R$raw
com.mighty.web.R$string
com.mighty.web.R$style
com.mighty.web.R$styleable
com.mighty.web.R$xml
com.mighty.web.R
...
com.bumptech.glide.load.engine.bitmap_recycle.SizeStrategy
com.bumptech.glide.load.engine.cache.DiskCache$Factory:
    public static final java.lang.String DEFAULT_DISK_CACHE_DIR
    public static final int DEFAULT_DISK_CACHE_SIZE
com.bumptech.glide.load.engine.cache.DiskCache:
    public abstract void clear()
    public abstract void delete(com.bumptech.glide.load.Key)
com.bumptech.glide.load.engine.cache.DiskCacheAdapter$Factory
com.bumptech.glide.load.engine.cache.DiskCacheAdapter:
    public void clear()
    public void delete(com.bumptech.glide.load.Key)
com.bumptech.glide.load.engine.cache.DiskCacheWriteLocker$WriteLockPool:
    private static final int MAX_POOL_SIZE
com.bumptech.glide.load.engine.cache.DiskLruCacheFactory$1
com.bumptech.glide.load.engine.cache.DiskLruCacheFactory$2
com.bumptech.glide.load.engine.cache.DiskLruCacheFactory:
    public void <init>(java.lang.String,long)
    public void <init>(java.lang.String,java.lang.String,long)
com.bumptech.glide.load.engine.cache.DiskLruCacheWrapper:
    private static final int APP_VERSION
    private static final java.lang.String TAG
    private static final int VALUE_COUNT
    private static com.bumptech.glide.load.engine.cache.DiskLruCacheWrapper wrapper
    public synchronized void clear()
    public void delete(com.bumptech.glide.load.Key)
    public static synchronized com.bumptech.glide.load.engine.cache.DiskCache get(java.io.File,long)
    private synchronized void resetDiskCache()
com.bumptech.glide.load.engine.cache.ExternalCacheDiskCacheFactory$1
com.bumptech.glide.load.engine.cache.ExternalCacheDiskCacheFactory
com.bumptech.glide.load.engine.cache.ExternalPreferredCacheDiskCacheFactory$1
com.bumptech.glide.load.engine.cache.ExternalPreferredCacheDiskCacheFactory
com.bumptech.glide.load.engine.cache.InternalCacheDiskCacheFactory:
    public void <init>(android.content.Context,long)
com.bumptech.glide.load.engine.cache.MemoryCache:
    public abstract long getCurrentSize()
    public abstract long getMaxSize()
    public abstract void setSizeMultiplier(float)
com.bumptech.glide.load.engine.cache.MemoryCacheAdapter
com.bumptech.glide.load.engine.cache.MemorySizeCalculator$Builder:
    static final int ARRAY_POOL_SIZE_BYTES
    static final float LOW_MEMORY_MAX_SIZE_MULTIPLIER
    static final float MAX_SIZE_MULTIPLIER
    static final int MEMORY_CACHE_TARGET_SCREENS
    com.bumptech.glide.load.engine.cache.MemorySizeCalculator$Builder setActivityManager(android.app.ActivityManager)
    public com.bumptech.glide.load.engine.cache.MemorySizeCalculator$Builder setArrayPoolSize(int)
    public com.bumptech.glide.load.engine.cache.MemorySizeCalculator$Builder setBitmapPoolScreens(float)
    public com.bumptech.glide.load.engine.cache.MemorySizeCalculator$Builder setLowMemoryMaxSizeMultiplier(float)
    public com.bumptech.glide.load.engine.cache.MemorySizeCalculator$Builder setMaxSizeMultiplier(float)
    public com.bumptech.glide.load.engine.cache.MemorySizeCalculator$Builder setMemoryCacheScreens(float)
    com.bumptech.glide.load.engine.cache.MemorySizeCalculator$Builder setScreenDimensions(com.bumptech.glide.load.engine.cache.MemorySizeCalculator$ScreenDimensions)
com.bumptech.glide.load.engine.cache.MemorySizeCalculator:
    static final int BYTES_PER_ARGB_8888_PIXEL
    private static final int LOW_MEMORY_BYTE_ARRAY_POOL_DIVISOR
    private static final java.lang.String TAG
com.bumptech.glide.load.engine.executor.GlideExecutor$Builder:
    public static final long NO_THREAD_TIMEOUT
    public com.bumptech.glide.load.engine.executor.GlideExecutor$Builder setThreadTimeoutMillis(long)
    public com.bumptech.glide.load.engine.executor.GlideExecutor$Builder setUncaughtThrowableStrategy(com.bumptech.glide.load.engine.executor.GlideExecutor$UncaughtThrowableStrategy)
com.bumptech.glide.load.engine.executor.GlideExecutor$DefaultThreadFactory:
    private static final int DEFAULT_PRIORITY